2012-05-14 16:06:38,021 [Worker-8] INFO  o.e.m.c.i.i.nexus.NexusIndexManager - Updating index for repository: central|http://repo1.maven.org/maven2
2012-05-14 16:06:40,995 [Worker-7] INFO  o.e.m.c.i.l.LifecycleMappingFactory - Using NULL lifecycle mapping for MavenProject: org.jbox2d:jbox2d:2.3.0-SNAPSHOT @ C:\Users\schuenjr\Documents\ROSE\CSSE_376\Dirt_Bike_Racer\Dirt_Bike_Racer\Code\jbox2d-read-only\pom.xml.
2012-05-14 16:06:41,149 [Worker-6] INFO  o.e.m.c.i.l.LifecycleMappingFactory - Using NULL lifecycle mapping for MavenProject: org.jbox2d:jbox2d:2.3.0-SNAPSHOT @ C:\Users\schuenjr\Documents\ROSE\CSSE_376\Dirt_Bike_Racer\Dirt_Bike_Racer\Code\jbox2d-read-only\pom.xml.
2012-05-14 16:06:42,774 [Worker-7] INFO  o.e.m.c.i.l.LifecycleMappingFactory - Using NULL lifecycle mapping for MavenProject: org.jbox2d:jbox2d:2.3.0-SNAPSHOT @ C:\Users\schuenjr\Documents\ROSE\CSSE_376\Dirt_Bike_Racer\Dirt_Bike_Racer\Code\jbox2d-read-only\pom.xml.
2012-05-14 16:10:57,033 [Worker-8] ERROR o.e.m.c.i.i.nexus.NexusIndexManager - Unable to update index for central|http://repo1.maven.org/maven2
java.io.IOException: No response received after 60000
	at org.eclipse.m2e.core.internal.index.nexus.AsyncFetcher$PipedErrorInputStream.checkError(AsyncFetcher.java:253) ~[org.eclipse.m2e.core_1.0.100.20110804-1717.jar:na]
	at org.eclipse.m2e.core.internal.index.nexus.AsyncFetcher$PipedErrorInputStream.read(AsyncFetcher.java:261) ~[org.eclipse.m2e.core_1.0.100.20110804-1717.jar:na]
	at java.io.PipedInputStream.read(Unknown Source) ~[na:1.6.0_29]
	at java.io.InputStream.read(Unknown Source) ~[na:1.6.0_29]
	at org.codehaus.plexus.util.IOUtil.copy(IOUtil.java:188) ~[plexus-utils-2.0.6.jar:na]
	at org.codehaus.plexus.util.IOUtil.copy(IOUtil.java:174) ~[plexus-utils-2.0.6.jar:na]
	at org.codehaus.plexus.util.FileUtils.copyStreamToFile(FileUtils.java:1143) ~[plexus-utils-2.0.6.jar:na]
	at org.apache.maven.index.updater.DefaultIndexUpdater$LocalCacheIndexAdaptor.setIndexFile(DefaultIndexUpdater.java:700) ~[indexer-core-3.1.0.jar:3.1.0]
	at org.apache.maven.index.updater.DefaultIndexUpdater.fetchAndUpdateIndex(DefaultIndexUpdater.java:844) ~[indexer-core-3.1.0.jar:3.1.0]
	at org.apache.maven.index.updater.DefaultIndexUpdater.fetchAndUpdateIndex(DefaultIndexUpdater.java:135) ~[indexer-core-3.1.0.jar:3.1.0]
	at org.eclipse.m2e.core.internal.index.nexus.NexusIndexManager.updateRemoteIndex(NexusIndexManager.java:1124) [org.eclipse.m2e.core_1.0.100.20110804-1717.jar:na]
	at org.eclipse.m2e.core.internal.index.nexus.NexusIndexManager.updateIndex(NexusIndexManager.java:1081) [org.eclipse.m2e.core_1.0.100.20110804-1717.jar:na]
	at org.eclipse.m2e.core.internal.index.nexus.NexusIndexManager$1.run(NexusIndexManager.java:658) [org.eclipse.m2e.core_1.0.100.20110804-1717.jar:na]
	at org.eclipse.m2e.core.internal.index.nexus.IndexUpdaterJob.run(IndexUpdaterJob.java:71) [org.eclipse.m2e.core_1.0.100.20110804-1717.jar:na]
	at org.eclipse.core.internal.jobs.Worker.run(Worker.java:54) [org.eclipse.core.jobs_3.5.101.v20120113-1953.jar:na]
java.util.concurrent.TimeoutException: No response received after 60000
	at com.ning.http.client.providers.netty.NettyAsyncHttpProvider$ReaperFuture.run(NettyAsyncHttpProvider.java:1773) ~[na:na]
	at java.util.concurrent.Executors$RunnableAdapter.call(Unknown Source) ~[na:1.6.0_29]
	at java.util.concurrent.FutureTask$Sync.innerRunAndReset(Unknown Source) ~[na:1.6.0_29]
	at java.util.concurrent.FutureTask.runAndReset(Unknown Source) ~[na:1.6.0_29]
	at java.util.concurrent.ScheduledThreadPoolExecutor$ScheduledFutureTask.access$101(Unknown Source) ~[na:1.6.0_29]
	at java.util.concurrent.ScheduledThreadPoolExecutor$ScheduledFutureTask.runPeriodic(Unknown Source) ~[na:1.6.0_29]
	at java.util.concurrent.ScheduledThreadPoolExecutor$ScheduledFutureTask.run(Unknown Source) ~[na:1.6.0_29]
	at java.util.concurrent.ThreadPoolExecutor$Worker.runTask(Unknown Source) ~[na:1.6.0_29]
	at java.util.concurrent.ThreadPoolExecutor$Worker.run(Unknown Source) ~[na:1.6.0_29]
	at java.lang.Thread.run(Unknown Source) ~[na:1.6.0_29]
2012-05-14 23:21:20,390 [Worker-7] INFO  o.e.m.c.i.i.nexus.NexusIndexManager - Updating index for repository: central|http://repo1.maven.org/maven2
2012-05-14 23:21:20,387 [Worker-3] INFO  o.e.m.c.i.l.LifecycleMappingFactory - Using NULL lifecycle mapping for MavenProject: org.jbox2d:jbox2d:2.3.0-SNAPSHOT @ C:\Users\schuenjr\Documents\ROSE\CSSE_376\Dirt_Bike_Racer\Dirt_Bike_Racer\Code\jbox2d-read-only\pom.xml.
2012-05-14 23:23:48,112 [Worker-7] ERROR o.e.m.c.i.i.nexus.NexusIndexManager - Unable to update index for central|http://repo1.maven.org/maven2
java.io.IOException: No response received after 60000
	at org.eclipse.m2e.core.internal.index.nexus.AsyncFetcher$PipedErrorInputStream.checkError(AsyncFetcher.java:253) ~[org.eclipse.m2e.core_1.0.100.20110804-1717.jar:na]
	at org.eclipse.m2e.core.internal.index.nexus.AsyncFetcher$PipedErrorInputStream.read(AsyncFetcher.java:261) ~[org.eclipse.m2e.core_1.0.100.20110804-1717.jar:na]
	at java.io.PipedInputStream.read(Unknown Source) ~[na:1.6.0_29]
	at java.io.InputStream.read(Unknown Source) ~[na:1.6.0_29]
	at org.codehaus.plexus.util.IOUtil.copy(IOUtil.java:188) ~[plexus-utils-2.0.6.jar:na]
	at org.codehaus.plexus.util.IOUtil.copy(IOUtil.java:174) ~[plexus-utils-2.0.6.jar:na]
	at org.codehaus.plexus.util.FileUtils.copyStreamToFile(FileUtils.java:1143) ~[plexus-utils-2.0.6.jar:na]
	at org.apache.maven.index.updater.DefaultIndexUpdater$LocalCacheIndexAdaptor.setIndexFile(DefaultIndexUpdater.java:700) ~[indexer-core-3.1.0.jar:3.1.0]
	at org.apache.maven.index.updater.DefaultIndexUpdater.fetchAndUpdateIndex(DefaultIndexUpdater.java:844) ~[indexer-core-3.1.0.jar:3.1.0]
	at org.apache.maven.index.updater.DefaultIndexUpdater.fetchAndUpdateIndex(DefaultIndexUpdater.java:135) ~[indexer-core-3.1.0.jar:3.1.0]
	at org.eclipse.m2e.core.internal.index.nexus.NexusIndexManager.updateRemoteIndex(NexusIndexManager.java:1124) [org.eclipse.m2e.core_1.0.100.20110804-1717.jar:na]
	at org.eclipse.m2e.core.internal.index.nexus.NexusIndexManager.updateIndex(NexusIndexManager.java:1081) [org.eclipse.m2e.core_1.0.100.20110804-1717.jar:na]
	at org.eclipse.m2e.core.internal.index.nexus.NexusIndexManager$1.run(NexusIndexManager.java:658) [org.eclipse.m2e.core_1.0.100.20110804-1717.jar:na]
	at org.eclipse.m2e.core.internal.index.nexus.IndexUpdaterJob.run(IndexUpdaterJob.java:71) [org.eclipse.m2e.core_1.0.100.20110804-1717.jar:na]
	at org.eclipse.core.internal.jobs.Worker.run(Worker.java:54) [org.eclipse.core.jobs_3.5.101.v20120113-1953.jar:na]
java.util.concurrent.TimeoutException: No response received after 60000
	at com.ning.http.client.providers.netty.NettyAsyncHttpProvider$ReaperFuture.run(NettyAsyncHttpProvider.java:1773) ~[na:na]
	at java.util.concurrent.Executors$RunnableAdapter.call(Unknown Source) ~[na:1.6.0_29]
	at java.util.concurrent.FutureTask$Sync.innerRunAndReset(Unknown Source) ~[na:1.6.0_29]
	at java.util.concurrent.FutureTask.runAndReset(Unknown Source) ~[na:1.6.0_29]
	at java.util.concurrent.ScheduledThreadPoolExecutor$ScheduledFutureTask.access$101(Unknown Source) ~[na:1.6.0_29]
	at java.util.concurrent.ScheduledThreadPoolExecutor$ScheduledFutureTask.runPeriodic(Unknown Source) ~[na:1.6.0_29]
	at java.util.concurrent.ScheduledThreadPoolExecutor$ScheduledFutureTask.run(Unknown Source) ~[na:1.6.0_29]
	at java.util.concurrent.ThreadPoolExecutor$Worker.runTask(Unknown Source) ~[na:1.6.0_29]
	at java.util.concurrent.ThreadPoolExecutor$Worker.run(Unknown Source) ~[na:1.6.0_29]
	at java.lang.Thread.run(Unknown Source) ~[na:1.6.0_29]
2012-05-15 01:53:56,145 [Worker-1] INFO  o.e.m.c.i.i.nexus.NexusIndexManager - Updating index for repository: central|http://repo1.maven.org/maven2
2012-05-15 01:53:56,657 [Worker-7] INFO  o.e.m.c.i.l.LifecycleMappingFactory - Using NULL lifecycle mapping for MavenProject: org.jbox2d:jbox2d:2.3.0-SNAPSHOT @ C:\Users\schuenjr\Documents\ROSE\CSSE_376\Dirt_Bike_Racer\Dirt_Bike_Racer\Code\jbox2d-read-only\pom.xml.
2012-05-15 02:08:22,299 [Worker-1] ERROR o.e.m.c.i.i.nexus.NexusIndexManager - Unable to update index for central|http://repo1.maven.org/maven2
java.io.IOException: No response received after 60000
	at org.eclipse.m2e.core.internal.index.nexus.AsyncFetcher$PipedErrorInputStream.checkError(AsyncFetcher.java:253) ~[org.eclipse.m2e.core_1.0.100.20110804-1717.jar:na]
	at org.eclipse.m2e.core.internal.index.nexus.AsyncFetcher$PipedErrorInputStream.read(AsyncFetcher.java:261) ~[org.eclipse.m2e.core_1.0.100.20110804-1717.jar:na]
	at java.io.PipedInputStream.read(Unknown Source) ~[na:1.6.0_29]
	at java.io.InputStream.read(Unknown Source) ~[na:1.6.0_29]
	at org.codehaus.plexus.util.IOUtil.copy(IOUtil.java:188) ~[plexus-utils-2.0.6.jar:na]
	at org.codehaus.plexus.util.IOUtil.copy(IOUtil.java:174) ~[plexus-utils-2.0.6.jar:na]
	at org.codehaus.plexus.util.FileUtils.copyStreamToFile(FileUtils.java:1143) ~[plexus-utils-2.0.6.jar:na]
	at org.apache.maven.index.updater.DefaultIndexUpdater$LocalCacheIndexAdaptor.setIndexFile(DefaultIndexUpdater.java:700) ~[indexer-core-3.1.0.jar:3.1.0]
	at org.apache.maven.index.updater.DefaultIndexUpdater.fetchAndUpdateIndex(DefaultIndexUpdater.java:844) ~[indexer-core-3.1.0.jar:3.1.0]
	at org.apache.maven.index.updater.DefaultIndexUpdater.fetchAndUpdateIndex(DefaultIndexUpdater.java:135) ~[indexer-core-3.1.0.jar:3.1.0]
	at org.eclipse.m2e.core.internal.index.nexus.NexusIndexManager.updateRemoteIndex(NexusIndexManager.java:1124) [org.eclipse.m2e.core_1.0.100.20110804-1717.jar:na]
	at org.eclipse.m2e.core.internal.index.nexus.NexusIndexManager.updateIndex(NexusIndexManager.java:1081) [org.eclipse.m2e.core_1.0.100.20110804-1717.jar:na]
	at org.eclipse.m2e.core.internal.index.nexus.NexusIndexManager$1.run(NexusIndexManager.java:658) [org.eclipse.m2e.core_1.0.100.20110804-1717.jar:na]
	at org.eclipse.m2e.core.internal.index.nexus.IndexUpdaterJob.run(IndexUpdaterJob.java:71) [org.eclipse.m2e.core_1.0.100.20110804-1717.jar:na]
	at org.eclipse.core.internal.jobs.Worker.run(Worker.java:54) [org.eclipse.core.jobs_3.5.101.v20120113-1953.jar:na]
java.util.concurrent.TimeoutException: No response received after 60000
	at com.ning.http.client.providers.netty.NettyAsyncHttpProvider$ReaperFuture.run(NettyAsyncHttpProvider.java:1773) ~[na:na]
	at java.util.concurrent.Executors$RunnableAdapter.call(Unknown Source) ~[na:1.6.0_29]
	at java.util.concurrent.FutureTask$Sync.innerRunAndReset(Unknown Source) ~[na:1.6.0_29]
	at java.util.concurrent.FutureTask.runAndReset(Unknown Source) ~[na:1.6.0_29]
	at java.util.concurrent.ScheduledThreadPoolExecutor$ScheduledFutureTask.access$101(Unknown Source) ~[na:1.6.0_29]
	at java.util.concurrent.ScheduledThreadPoolExecutor$ScheduledFutureTask.runPeriodic(Unknown Source) ~[na:1.6.0_29]
	at java.util.concurrent.ScheduledThreadPoolExecutor$ScheduledFutureTask.run(Unknown Source) ~[na:1.6.0_29]
	at java.util.concurrent.ThreadPoolExecutor$Worker.runTask(Unknown Source) ~[na:1.6.0_29]
	at java.util.concurrent.ThreadPoolExecutor$Worker.run(Unknown Source) ~[na:1.6.0_29]
	at java.lang.Thread.run(Unknown Source) ~[na:1.6.0_29]
2012-05-16 02:51:11,196 [Worker-2] INFO  o.e.m.c.i.i.nexus.NexusIndexManager - Updating index for repository: central|http://repo1.maven.org/maven2
2012-05-16 02:51:11,433 [Worker-6] INFO  o.e.m.c.i.l.LifecycleMappingFactory - Using NULL lifecycle mapping for MavenProject: org.jbox2d:jbox2d:2.3.0-SNAPSHOT @ C:\Users\schuenjr\Documents\ROSE\CSSE_376\Dirt_Bike_Racer\Dirt_Bike_Racer\Code\jbox2d-read-only\pom.xml.
2012-05-16 03:00:33,218 [Worker-2] ERROR o.e.m.c.i.i.nexus.NexusIndexManager - Unable to update index for central|http://repo1.maven.org/maven2
java.io.IOException: No response received after 60000
	at org.eclipse.m2e.core.internal.index.nexus.AsyncFetcher$PipedErrorInputStream.checkError(AsyncFetcher.java:253) ~[org.eclipse.m2e.core_1.0.100.20110804-1717.jar:na]
	at org.eclipse.m2e.core.internal.index.nexus.AsyncFetcher$PipedErrorInputStream.read(AsyncFetcher.java:261) ~[org.eclipse.m2e.core_1.0.100.20110804-1717.jar:na]
	at java.io.PipedInputStream.read(Unknown Source) ~[na:1.6.0_29]
	at java.io.InputStream.read(Unknown Source) ~[na:1.6.0_29]
	at org.codehaus.plexus.util.IOUtil.copy(IOUtil.java:188) ~[plexus-utils-2.0.6.jar:na]
	at org.codehaus.plexus.util.IOUtil.copy(IOUtil.java:174) ~[plexus-utils-2.0.6.jar:na]
	at org.codehaus.plexus.util.FileUtils.copyStreamToFile(FileUtils.java:1143) ~[plexus-utils-2.0.6.jar:na]
	at org.apache.maven.index.updater.DefaultIndexUpdater$LocalCacheIndexAdaptor.setIndexFile(DefaultIndexUpdater.java:700) ~[indexer-core-3.1.0.jar:3.1.0]
	at org.apache.maven.index.updater.DefaultIndexUpdater.fetchAndUpdateIndex(DefaultIndexUpdater.java:844) ~[indexer-core-3.1.0.jar:3.1.0]
	at org.apache.maven.index.updater.DefaultIndexUpdater.fetchAndUpdateIndex(DefaultIndexUpdater.java:135) ~[indexer-core-3.1.0.jar:3.1.0]
	at org.eclipse.m2e.core.internal.index.nexus.NexusIndexManager.updateRemoteIndex(NexusIndexManager.java:1124) [org.eclipse.m2e.core_1.0.100.20110804-1717.jar:na]
	at org.eclipse.m2e.core.internal.index.nexus.NexusIndexManager.updateIndex(NexusIndexManager.java:1081) [org.eclipse.m2e.core_1.0.100.20110804-1717.jar:na]
	at org.eclipse.m2e.core.internal.index.nexus.NexusIndexManager$1.run(NexusIndexManager.java:658) [org.eclipse.m2e.core_1.0.100.20110804-1717.jar:na]
	at org.eclipse.m2e.core.internal.index.nexus.IndexUpdaterJob.run(IndexUpdaterJob.java:71) [org.eclipse.m2e.core_1.0.100.20110804-1717.jar:na]
	at org.eclipse.core.internal.jobs.Worker.run(Worker.java:54) [org.eclipse.core.jobs_3.5.101.v20120113-1953.jar:na]
java.util.concurrent.TimeoutException: No response received after 60000
	at com.ning.http.client.providers.netty.NettyAsyncHttpProvider$ReaperFuture.run(NettyAsyncHttpProvider.java:1773) ~[na:na]
	at java.util.concurrent.Executors$RunnableAdapter.call(Unknown Source) ~[na:1.6.0_29]
	at java.util.concurrent.FutureTask$Sync.innerRunAndReset(Unknown Source) ~[na:1.6.0_29]
	at java.util.concurrent.FutureTask.runAndReset(Unknown Source) ~[na:1.6.0_29]
	at java.util.concurrent.ScheduledThreadPoolExecutor$ScheduledFutureTask.access$101(Unknown Source) ~[na:1.6.0_29]
	at java.util.concurrent.ScheduledThreadPoolExecutor$ScheduledFutureTask.runPeriodic(Unknown Source) ~[na:1.6.0_29]
	at java.util.concurrent.ScheduledThreadPoolExecutor$ScheduledFutureTask.run(Unknown Source) ~[na:1.6.0_29]
	at java.util.concurrent.ThreadPoolExecutor$Worker.runTask(Unknown Source) ~[na:1.6.0_29]
	at java.util.concurrent.ThreadPoolExecutor$Worker.run(Unknown Source) ~[na:1.6.0_29]
	at java.lang.Thread.run(Unknown Source) ~[na:1.6.0_29]
2012-05-16 14:55:07,781 [Worker-1] INFO  o.e.m.c.i.i.nexus.NexusIndexManager - Updating index for repository: central|http://repo1.maven.org/maven2
2012-05-16 16:17:48,022 [Worker-1] ERROR o.e.m.c.i.i.nexus.NexusIndexManager - Unable to update index for central|http://repo1.maven.org/maven2
java.io.IOException: No response received after 60000
	at org.eclipse.m2e.core.internal.index.nexus.AsyncFetcher$PipedErrorInputStream.checkError(AsyncFetcher.java:253) ~[org.eclipse.m2e.core_1.0.100.20110804-1717.jar:na]
	at org.eclipse.m2e.core.internal.index.nexus.AsyncFetcher$PipedErrorInputStream.read(AsyncFetcher.java:261) ~[org.eclipse.m2e.core_1.0.100.20110804-1717.jar:na]
	at java.io.PipedInputStream.read(Unknown Source) ~[na:1.6.0_29]
	at java.io.InputStream.read(Unknown Source) ~[na:1.6.0_29]
	at org.codehaus.plexus.util.IOUtil.copy(IOUtil.java:188) ~[plexus-utils-2.0.6.jar:na]
	at org.codehaus.plexus.util.IOUtil.copy(IOUtil.java:174) ~[plexus-utils-2.0.6.jar:na]
	at org.codehaus.plexus.util.FileUtils.copyStreamToFile(FileUtils.java:1143) ~[plexus-utils-2.0.6.jar:na]
	at org.apache.maven.index.updater.DefaultIndexUpdater$LocalCacheIndexAdaptor.setIndexFile(DefaultIndexUpdater.java:700) ~[indexer-core-3.1.0.jar:3.1.0]
	at org.apache.maven.index.updater.DefaultIndexUpdater.fetchAndUpdateIndex(DefaultIndexUpdater.java:844) ~[indexer-core-3.1.0.jar:3.1.0]
	at org.apache.maven.index.updater.DefaultIndexUpdater.fetchAndUpdateIndex(DefaultIndexUpdater.java:135) ~[indexer-core-3.1.0.jar:3.1.0]
	at org.eclipse.m2e.core.internal.index.nexus.NexusIndexManager.updateRemoteIndex(NexusIndexManager.java:1124) [org.eclipse.m2e.core_1.0.100.20110804-1717.jar:na]
	at org.eclipse.m2e.core.internal.index.nexus.NexusIndexManager.updateIndex(NexusIndexManager.java:1081) [org.eclipse.m2e.core_1.0.100.20110804-1717.jar:na]
	at org.eclipse.m2e.core.internal.index.nexus.NexusIndexManager$1.run(NexusIndexManager.java:658) [org.eclipse.m2e.core_1.0.100.20110804-1717.jar:na]
	at org.eclipse.m2e.core.internal.index.nexus.IndexUpdaterJob.run(IndexUpdaterJob.java:71) [org.eclipse.m2e.core_1.0.100.20110804-1717.jar:na]
	at org.eclipse.core.internal.jobs.Worker.run(Worker.java:54) [org.eclipse.core.jobs_3.5.101.v20120113-1953.jar:na]
java.util.concurrent.TimeoutException: No response received after 60000
	at com.ning.http.client.providers.netty.NettyAsyncHttpProvider$ReaperFuture.run(NettyAsyncHttpProvider.java:1773) ~[na:na]
	at java.util.concurrent.Executors$RunnableAdapter.call(Unknown Source) ~[na:1.6.0_29]
	at java.util.concurrent.FutureTask$Sync.innerRunAndReset(Unknown Source) ~[na:1.6.0_29]
	at java.util.concurrent.FutureTask.runAndReset(Unknown Source) ~[na:1.6.0_29]
	at java.util.concurrent.ScheduledThreadPoolExecutor$ScheduledFutureTask.access$101(Unknown Source) ~[na:1.6.0_29]
	at java.util.concurrent.ScheduledThreadPoolExecutor$ScheduledFutureTask.runPeriodic(Unknown Source) ~[na:1.6.0_29]
	at java.util.concurrent.ScheduledThreadPoolExecutor$ScheduledFutureTask.run(Unknown Source) ~[na:1.6.0_29]
	at java.util.concurrent.ThreadPoolExecutor$Worker.runTask(Unknown Source) ~[na:1.6.0_29]
	at java.util.concurrent.ThreadPoolExecutor$Worker.run(Unknown Source) ~[na:1.6.0_29]
	at java.lang.Thread.run(Unknown Source) ~[na:1.6.0_29]
